<?xml version="1.0" encoding="UTF-8"?>
<testng-results skipped="0" failed="0" ignored="0" total="2" passed="2">
  <reporter-output>
  </reporter-output>
  <suite name="Default suite" duration-ms="49" started-at="2018-05-08T06:24:10Z" finished-at="2018-05-08T06:24:10Z">
    <groups>
    </groups>
    <test name="Default test" duration-ms="49" started-at="2018-05-08T06:24:10Z" finished-at="2018-05-08T06:24:10Z">
      <class name="com.test.zapirest.ZapiRest.TestSuite">
        <test-method status="PASS" signature="firstTest()[pri:0, instance:com.test.zapirest.ZapiRest.TestSuite@ea6147e]" name="firstTest" duration-ms="23" started-at="2018-05-08T06:24:10Z" finished-at="2018-05-08T06:24:10Z">
          <reporter-output>
          </reporter-output>
        </test-method> <!-- firstTest -->
        <test-method status="PASS" signature="secondTest()[pri:0, instance:com.test.zapirest.ZapiRest.TestSuite@ea6147e]" name="secondTest" duration-ms="2" started-at="2018-05-08T06:24:10Z" finished-at="2018-05-08T06:24:10Z">
          <reporter-output>
          </reporter-output>
        </test-method> <!-- secondTest -->
      </class> <!-- com.test.zapirest.ZapiRest.TestSuite -->
    </test> <!-- Default test -->
  </suite> <!-- Default suite -->
</testng-results>
